c:\users\dell\source\repos\project1\project1\x64\debug\vc143.pdb
c:\users\dell\source\repos\project1\project1\x64\debug\vc143.idb
c:\users\dell\source\repos\project1\project1\x64\debug\main.obj
c:\users\dell\source\repos\project1\project1\x64\debug\project1.ilk
c:\users\dell\source\repos\project1\x64\debug\project1.pdb
c:\users\dell\source\repos\project1\project1\x64\debug\project1.tlog\cl.command.1.tlog
c:\users\dell\source\repos\project1\project1\x64\debug\project1.tlog\cl.items.tlog
c:\users\dell\source\repos\project1\project1\x64\debug\project1.tlog\cl.read.1.tlog
c:\users\dell\source\repos\project1\project1\x64\debug\project1.tlog\cl.write.1.tlog
c:\users\dell\source\repos\project1\project1\x64\debug\project1.tlog\link-cvtres.read.1.tlog
c:\users\dell\source\repos\project1\project1\x64\debug\project1.tlog\link-cvtres.write.1.tlog
c:\users\dell\source\repos\project1\project1\x64\debug\project1.tlog\link-rc.read.1.tlog
c:\users\dell\source\repos\project1\project1\x64\debug\project1.tlog\link-rc.write.1.tlog
c:\users\dell\source\repos\project1\project1\x64\debug\project1.tlog\link.2936-cvtres.read.1.tlog
c:\users\dell\source\repos\project1\project1\x64\debug\project1.tlog\link.2936-cvtres.write.1.tlog
c:\users\dell\source\repos\project1\project1\x64\debug\project1.tlog\link.2936-rc.read.1.tlog
c:\users\dell\source\repos\project1\project1\x64\debug\project1.tlog\link.2936-rc.write.1.tlog
c:\users\dell\source\repos\project1\project1\x64\debug\project1.tlog\link.2936.read.1.tlog
c:\users\dell\source\repos\project1\project1\x64\debug\project1.tlog\link.2936.read.2.tlog
c:\users\dell\source\repos\project1\project1\x64\debug\project1.tlog\link.2936.write.1.tlog
c:\users\dell\source\repos\project1\project1\x64\debug\project1.tlog\link.command.1.tlog
c:\users\dell\source\repos\project1\project1\x64\debug\project1.tlog\link.read.1.tlog
c:\users\dell\source\repos\project1\project1\x64\debug\project1.tlog\link.read.2.tlog
c:\users\dell\source\repos\project1\project1\x64\debug\project1.tlog\link.secondary.1.tlog
c:\users\dell\source\repos\project1\project1\x64\debug\project1.tlog\link.write.1.tlog
